[      36ms] [ERROR] Failed to load intelligence requirements TypeError: Failed to fetch
    at load (webpack-internal:///(app-pages-browser)/./components/workspace/brd/sections/IntelligenceRequirementsSection.tsx:56:35)
    at eval (webpack-internal:///(app-pages-browser)/./components/workspace/brd/sections/IntelligenceRequirementsSection.tsx:106:9)
    at commitHookEffectListMount (webpack-internal:///(app-pages-browser)/./node_modules/next/dist/compiled/react-dom/cjs/react-dom.development.js:20998:23)
    at invokePassiveEffectMountInDEV (webpack-internal:///(app-pages-browser)/./node_modules/next/dist/compiled/react-dom/cjs/react-dom.development.js:23877:13)
    at invokeEffectsInDev (webpack-internal:///(app-pages-browser)/./node_modules/next/dist/compiled/react-dom/cjs/react-dom.development.js:26666:9)
    at legacyCommitDoubleInvokeEffectsInDEV (webpack-internal:///(app-pages-browser)/./node_modules/next/dist/compiled/react-dom/cjs/react-dom.development.js:26649:5)
    at commitDoubleInvokeEffectsInDEV (webpack-internal:///(app-pages-browser)/./node_modules/next/dist/compiled/react-dom/cjs/react-dom.development.js:26630:7)
    at flushPassiveEffectsImpl (webpack-internal:///(app-pages-browser)/./node_modules/next/dist/compiled/react-dom/cjs/react-dom.development.js:26339:5)
    at flushPassiveEffects (webpack-internal:///(app-pages-browser)/./node_modules/next/dist/compiled/react-dom/cjs/react-dom.development.js:26263:14)
    at eval (webpack-internal:///(app-pages-browser)/./node_modules/next/dist/compiled/react-dom/cjs/react-dom.development.js:26000:9)
    at workLoop (webpack-internal:///(app-pages-browser)/./node_modules/next/dist/compiled/scheduler/cjs/scheduler.development.js:261:34)
    at flushWork (webpack-internal:///(app-pages-browser)/./node_modules/next/dist/compiled/scheduler/cjs/scheduler.development.js:230:14)
    at MessagePort.performWorkUntilDeadline (webpack-internal:///(app-pages-browser)/./node_modules/next/dist/compiled/scheduler/cjs/scheduler.development.js:534:21) @ webpack-internal:///(app-pages-browser)/./node_modules/next/dist/client/app-index.js:33
[      36ms] [ERROR] Failed to load intelligence requirements TypeError: Failed to fetch @ webpack-internal:///(app-pages-browser)/./node_modules/next/dist/client/app-index.js:33
[      36ms] [ERROR] Failed to load BRD data: TypeError: Failed to fetch
    at apiRequest (webpack-internal:///(app-pages-browser)/./lib/api/core.ts:66:28)
    at getBRDWorkspaceData (webpack-internal:///(app-pages-browser)/./lib/api/workspace.ts:109:61)
    at eval (webpack-internal:///(app-pages-browser)/./components/workspace/brd/hooks/useBRDDataLoading.ts:152:95)
    at eval (webpack-internal:///(app-pages-browser)/./components/workspace/brd/hooks/useBRDDataLoading.ts:165:27)
    at commitHookEffectListMount (webpack-internal:///(app-pages-browser)/./node_modules/next/dist/compiled/react-dom/cjs/react-dom.development.js:20998:23)
    at invokePassiveEffectMountInDEV (webpack-internal:///(app-pages-browser)/./node_modules/next/dist/compiled/react-dom/cjs/react-dom.development.js:23877:13)
    at invokeEffectsInDev (webpack-internal:///(app-pages-browser)/./node_modules/next/dist/compiled/react-dom/cjs/react-dom.development.js:26666:9)
    at legacyCommitDoubleInvokeEffectsInDEV (webpack-internal:///(app-pages-browser)/./node_modules/next/dist/compiled/react-dom/cjs/react-dom.development.js:26649:5)
    at commitDoubleInvokeEffectsInDEV (webpack-internal:///(app-pages-browser)/./node_modules/next/dist/compiled/react-dom/cjs/react-dom.development.js:26630:7)
    at flushPassiveEffectsImpl (webpack-internal:///(app-pages-browser)/./node_modules/next/dist/compiled/react-dom/cjs/react-dom.development.js:26339:5)
    at flushPassiveEffects (webpack-internal:///(app-pages-browser)/./node_modules/next/dist/compiled/react-dom/cjs/react-dom.development.js:26263:14)
    at commitRootImpl (webpack-internal:///(app-pages-browser)/./node_modules/next/dist/compiled/react-dom/cjs/react-dom.development.js:26165:5)
    at commitRoot (webpack-internal:///(app-pages-browser)/./node_modules/next/dist/compiled/react-dom/cjs/react-dom.development.js:25907:5)
    at performSyncWorkOnRoot (webpack-internal:///(app-pages-browser)/./node_modules/next/dist/compiled/react-dom/cjs/react-dom.development.js:24765:3)
    at flushSyncWorkAcrossRoots_impl (webpack-internal:///(app-pages-browser)/./node_modules/next/dist/compiled/react-dom/cjs/react-dom.development.js:10274:13)
    at flushSyncWorkOnAllRoots (webpack-internal:///(app-pages-browser)/./node_modules/next/dist/compiled/react-dom/cjs/react-dom.development.js:10234:3)
    at processRootScheduleInMicrotask (webpack-internal:///(app-pages-browser)/./node_modules/next/dist/compiled/react-dom/cjs/react-dom.development.js:10379:3)
    at eval (webpack-internal:///(app-pages-browser)/./node_modules/next/dist/compiled/react-dom/cjs/react-dom.development.js:10550:7) @ webpack-internal:///(app-pages-browser)/./node_modules/next/dist/client/app-index.js:33
[      36ms] [ERROR] Failed to load BRD health: TypeError: Failed to fetch
    at apiRequest (webpack-internal:///(app-pages-browser)/./lib/api/core.ts:66:28)
    at getBRDHealth (webpack-internal:///(app-pages-browser)/./lib/api/workspace.ts:293:84)
    at eval (webpack-internal:///(app-pages-browser)/./components/workspace/brd/hooks/useBRDDataLoading.ts:124:88)
    at eval (webpack-internal:///(app-pages-browser)/./components/workspace/brd/hooks/useBRDDataLoading.ts:167:9)
    at commitHookEffectListMount (webpack-internal:///(app-pages-browser)/./node_modules/next/dist/compiled/react-dom/cjs/react-dom.development.js:20998:23)
    at invokePassiveEffectMountInDEV (webpack-internal:///(app-pages-browser)/./node_modules/next/dist/compiled/react-dom/cjs/react-dom.development.js:23877:13)
    at invokeEffectsInDev (webpack-internal:///(app-pages-browser)/./node_modules/next/dist/compiled/react-dom/cjs/react-dom.development.js:26666:9)
    at legacyCommitDoubleInvokeEffectsInDEV (webpack-internal:///(app-pages-browser)/./node_modules/next/dist/compiled/react-dom/cjs/react-dom.development.js:26649:5)
    at commitDoubleInvokeEffectsInDEV (webpack-internal:///(app-pages-browser)/./node_modules/next/dist/compiled/react-dom/cjs/react-dom.development.js:26630:7)
    at flushPassiveEffectsImpl (webpack-internal:///(app-pages-browser)/./node_modules/next/dist/compiled/react-dom/cjs/react-dom.development.js:26339:5)
    at flushPassiveEffects (webpack-internal:///(app-pages-browser)/./node_modules/next/dist/compiled/react-dom/cjs/react-dom.development.js:26263:14)
    at commitRootImpl (webpack-internal:///(app-pages-browser)/./node_modules/next/dist/compiled/react-dom/cjs/react-dom.development.js:26165:5)
    at commitRoot (webpack-internal:///(app-pages-browser)/./node_modules/next/dist/compiled/react-dom/cjs/react-dom.development.js:25907:5)
    at performSyncWorkOnRoot (webpack-internal:///(app-pages-browser)/./node_modules/next/dist/compiled/react-dom/cjs/react-dom.development.js:24765:3)
    at flushSyncWorkAcrossRoots_impl (webpack-internal:///(app-pages-browser)/./node_modules/next/dist/compiled/react-dom/cjs/react-dom.development.js:10274:13)
    at flushSyncWorkOnAllRoots (webpack-internal:///(app-pages-browser)/./node_modules/next/dist/compiled/react-dom/cjs/react-dom.development.js:10234:3)
    at processRootScheduleInMicrotask (webpack-internal:///(app-pages-browser)/./node_modules/next/dist/compiled/react-dom/cjs/react-dom.development.js:10379:3)
    at eval (webpack-internal:///(app-pages-browser)/./node_modules/next/dist/compiled/react-dom/cjs/react-dom.development.js:10550:7) @ webpack-internal:///(app-pages-browser)/./node_modules/next/dist/client/app-index.js:33
[      37ms] [ERROR] Failed to load open questions: TypeError: Failed to fetch
    at apiRequest (webpack-internal:///(app-pages-browser)/./lib/api/core.ts:66:28)
    at listOpenQuestions (webpack-internal:///(app-pages-browser)/./lib/api/admin.ts:75:61)
    at eval (webpack-internal:///(app-pages-browser)/./components/workspace/brd/hooks/useBRDDataLoading.ts:96:93)
    at eval (webpack-internal:///(app-pages-browser)/./components/workspace/brd/hooks/useBRDDataLoading.ts:168:9)
    at commitHookEffectListMount (webpack-internal:///(app-pages-browser)/./node_modules/next/dist/compiled/react-dom/cjs/react-dom.development.js:20998:23)
    at invokePassiveEffectMountInDEV (webpack-internal:///(app-pages-browser)/./node_modules/next/dist/compiled/react-dom/cjs/react-dom.development.js:23877:13)
    at invokeEffectsInDev (webpack-internal:///(app-pages-browser)/./node_modules/next/dist/compiled/react-dom/cjs/react-dom.development.js:26666:9)
    at legacyCommitDoubleInvokeEffectsInDEV (webpack-internal:///(app-pages-browser)/./node_modules/next/dist/compiled/react-dom/cjs/react-dom.development.js:26649:5)
    at commitDoubleInvokeEffectsInDEV (webpack-internal:///(app-pages-browser)/./node_modules/next/dist/compiled/react-dom/cjs/react-dom.development.js:26630:7)
    at flushPassiveEffectsImpl (webpack-internal:///(app-pages-browser)/./node_modules/next/dist/compiled/react-dom/cjs/react-dom.development.js:26339:5)
    at flushPassiveEffects (webpack-internal:///(app-pages-browser)/./node_modules/next/dist/compiled/react-dom/cjs/react-dom.development.js:26263:14)
    at commitRootImpl (webpack-internal:///(app-pages-browser)/./node_modules/next/dist/compiled/react-dom/cjs/react-dom.development.js:26165:5)
    at commitRoot (webpack-internal:///(app-pages-browser)/./node_modules/next/dist/compiled/react-dom/cjs/react-dom.development.js:25907:5)
    at performSyncWorkOnRoot (webpack-internal:///(app-pages-browser)/./node_modules/next/dist/compiled/react-dom/cjs/react-dom.development.js:24765:3)
    at flushSyncWorkAcrossRoots_impl (webpack-internal:///(app-pages-browser)/./node_modules/next/dist/compiled/react-dom/cjs/react-dom.development.js:10274:13)
    at flushSyncWorkOnAllRoots (webpack-internal:///(app-pages-browser)/./node_modules/next/dist/compiled/react-dom/cjs/react-dom.development.js:10234:3)
    at processRootScheduleInMicrotask (webpack-internal:///(app-pages-browser)/./node_modules/next/dist/compiled/react-dom/cjs/react-dom.development.js:10379:3)
    at eval (webpack-internal:///(app-pages-browser)/./node_modules/next/dist/compiled/react-dom/cjs/react-dom.development.js:10550:7) @ webpack-internal:///(app-pages-browser)/./node_modules/next/dist/client/app-index.js:33
[     249ms] [INFO] %cDownload the React DevTools for a better development experience: https://reactjs.org/link/react-devtools font-weight:bold @ webpack-internal:///(app-pages-browser)/./node_modules/next/dist/compiled/react-dom/cjs/react-dom.development.js:38340
