[     858ms] [INFO] %cDownload the React DevTools for a better development experience: https://reactjs.org/link/react-devtools font-weight:bold @ webpack-internal:///(app-pages-browser)/./node_modules/next/dist/compiled/react-dom/cjs/react-dom.development.js:38340
[    1128ms] [WARNING] Skipping auto-scroll behavior due to `position: sticky` or `position: fixed` on element: JSHandle@node @ webpack-internal:///(app-pages-browser)/./node_modules/next/dist/client/components/layout-router.js:107
[    1129ms] [WARNING] Skipping auto-scroll behavior due to `position: sticky` or `position: fixed` on element: JSHandle@node @ webpack-internal:///(app-pages-browser)/./node_modules/next/dist/client/components/layout-router.js:107
[   11948ms] [WARNING] Skipping auto-scroll behavior due to `position: sticky` or `position: fixed` on element: JSHandle@node @ webpack-internal:///(app-pages-browser)/./node_modules/next/dist/client/components/layout-router.js:107
[   11948ms] [WARNING] Skipping auto-scroll behavior due to `position: sticky` or `position: fixed` on element: JSHandle@node @ webpack-internal:///(app-pages-browser)/./node_modules/next/dist/client/components/layout-router.js:107
[   64324ms] [WARNING] Skipping auto-scroll behavior due to `position: sticky` or `position: fixed` on element: JSHandle@node @ webpack-internal:///(app-pages-browser)/./node_modules/next/dist/client/components/layout-router.js:107
[   64325ms] [WARNING] Skipping auto-scroll behavior due to `position: sticky` or `position: fixed` on element: JSHandle@node @ webpack-internal:///(app-pages-browser)/./node_modules/next/dist/client/components/layout-router.js:107
[   65161ms] [ERROR] Failed to load resource: the server responded with a status of 404 (Not Found) @ http://localhost:8000/v1/communications/bots/7ace1330-e58b-4fb6-979d-b3643f7e09c1:0
[   65161ms] [ERROR] Failed to load resource: the server responded with a status of 404 (Not Found) @ http://localhost:8000/v1/call-intelligence/strategy-brief/meeting/7ace1330-e58b-4fb6-979d-b3643f7e09c1:0
[   65776ms] [ERROR] Failed to load resource: the server responded with a status of 404 (Not Found) @ http://localhost:8000/v1/communications/bots/7ace1330-e58b-4fb6-979d-b3643f7e09c1:0
[   65776ms] [ERROR] Failed to load resource: the server responded with a status of 404 (Not Found) @ http://localhost:8000/v1/call-intelligence/strategy-brief/meeting/7ace1330-e58b-4fb6-979d-b3643f7e09c1:0
[   66073ms] [ERROR] Failed to load resource: the server responded with a status of 404 (Not Found) @ http://localhost:8000/v1/call-intelligence/meetings/7ace1330-e58b-4fb6-979d-b3643f7e09c1/recording:0
[   66409ms] [ERROR] Failed to load resource: the server responded with a status of 404 (Not Found) @ http://localhost:8000/v1/call-intelligence/meetings/7ace1330-e58b-4fb6-979d-b3643f7e09c1/recording:0
[   93151ms] [ERROR] Failed to load resource: the server responded with a status of 404 (Not Found) @ http://localhost:8000/v1/call-intelligence/strategy-brief/meeting/7ace1330-e58b-4fb6-979d-b3643f7e09c1:0
[   96151ms] [ERROR] Failed to load resource: the server responded with a status of 404 (Not Found) @ http://localhost:8000/v1/call-intelligence/strategy-brief/meeting/7ace1330-e58b-4fb6-979d-b3643f7e09c1:0
[   98984ms] [ERROR] Failed to load resource: the server responded with a status of 404 (Not Found) @ http://localhost:8000/v1/call-intelligence/strategy-brief/meeting/7ace1330-e58b-4fb6-979d-b3643f7e09c1:0
[  102213ms] [ERROR] Failed to load resource: the server responded with a status of 404 (Not Found) @ http://localhost:8000/v1/call-intelligence/strategy-brief/meeting/7ace1330-e58b-4fb6-979d-b3643f7e09c1:0
[  104962ms] [ERROR] Failed to load resource: the server responded with a status of 404 (Not Found) @ http://localhost:8000/v1/call-intelligence/strategy-brief/meeting/7ace1330-e58b-4fb6-979d-b3643f7e09c1:0
[  107986ms] [ERROR] Failed to load resource: the server responded with a status of 404 (Not Found) @ http://localhost:8000/v1/call-intelligence/strategy-brief/meeting/7ace1330-e58b-4fb6-979d-b3643f7e09c1:0
[  111286ms] [ERROR] Failed to load resource: the server responded with a status of 404 (Not Found) @ http://localhost:8000/v1/call-intelligence/strategy-brief/meeting/7ace1330-e58b-4fb6-979d-b3643f7e09c1:0
[  114324ms] [ERROR] Failed to load resource: the server responded with a status of 404 (Not Found) @ http://localhost:8000/v1/call-intelligence/strategy-brief/meeting/7ace1330-e58b-4fb6-979d-b3643f7e09c1:0
[  116961ms] [ERROR] Failed to load resource: the server responded with a status of 404 (Not Found) @ http://localhost:8000/v1/call-intelligence/strategy-brief/meeting/7ace1330-e58b-4fb6-979d-b3643f7e09c1:0
[  119968ms] [ERROR] Failed to load resource: the server responded with a status of 404 (Not Found) @ http://localhost:8000/v1/call-intelligence/strategy-brief/meeting/7ace1330-e58b-4fb6-979d-b3643f7e09c1:0
[  122967ms] [ERROR] Failed to load resource: the server responded with a status of 404 (Not Found) @ http://localhost:8000/v1/call-intelligence/strategy-brief/meeting/7ace1330-e58b-4fb6-979d-b3643f7e09c1:0
[  125971ms] [ERROR] Failed to load resource: the server responded with a status of 404 (Not Found) @ http://localhost:8000/v1/call-intelligence/strategy-brief/meeting/7ace1330-e58b-4fb6-979d-b3643f7e09c1:0
[  129265ms] [ERROR] Failed to load resource: the server responded with a status of 404 (Not Found) @ http://localhost:8000/v1/call-intelligence/strategy-brief/meeting/7ace1330-e58b-4fb6-979d-b3643f7e09c1:0
[  132153ms] [ERROR] Failed to load resource: the server responded with a status of 404 (Not Found) @ http://localhost:8000/v1/call-intelligence/strategy-brief/meeting/7ace1330-e58b-4fb6-979d-b3643f7e09c1:0
[  135063ms] [ERROR] Failed to load resource: the server responded with a status of 404 (Not Found) @ http://localhost:8000/v1/call-intelligence/strategy-brief/meeting/7ace1330-e58b-4fb6-979d-b3643f7e09c1:0
[  137948ms] [ERROR] Failed to load resource: the server responded with a status of 404 (Not Found) @ http://localhost:8000/v1/call-intelligence/strategy-brief/meeting/7ace1330-e58b-4fb6-979d-b3643f7e09c1:0
[  140981ms] [ERROR] Failed to load resource: the server responded with a status of 404 (Not Found) @ http://localhost:8000/v1/call-intelligence/strategy-brief/meeting/7ace1330-e58b-4fb6-979d-b3643f7e09c1:0
[  220214ms] [ERROR] WebSocket connection to 'ws://localhost:3000/_next/webpack-hmr' failed:  @ webpack-internal:///(app-pages-browser)/./node_modules/next/dist/client/components/react-dev-overlay/internal/helpers/use-websocket.js:41
