[     427ms] [INFO] %cDownload the React DevTools for a better development experience: https://reactjs.org/link/react-devtools font-weight:bold @ webpack-internal:///(app-pages-browser)/./node_modules/next/dist/compiled/react-dom/cjs/react-dom.development.js:38340
[    6379ms] [ERROR] Failed to load resource: the server responded with a status of 404 (Not Found) @ http://localhost:8000/v1/prototypes/by-project/72173057-d025-4e62-ad50-9b5f73c8cc80:0
[    7249ms] [ERROR] Failed to load resource: the server responded with a status of 401 (Unauthorized) @ http://localhost:8000/v1/projects/72173057-d025-4e62-ad50-9b5f73c8cc80/tasks?status=pending&limit=3&sort_by=priority_score&sort_order=desc:0
[    7251ms] [ERROR] Failed to load tasks: ApiError: {"detail":"Not authenticated"}
    at apiRequest (webpack-internal:///(app-pages-browser)/./lib/api/core.ts:76:15)
    at async eval (webpack-internal:///(app-pages-browser)/./components/tasks/TaskList.tsx:144:28) @ webpack-internal:///(app-pages-browser)/./node_modules/next/dist/client/app-index.js:33
[    7584ms] [ERROR] Failed to load resource: the server responded with a status of 500 (Internal Server Error) @ http://localhost:8000/v1/projects/72173057-d025-4e62-ad50-9b5f73c8cc80/workspace/pulse:0
[    7584ms] [ERROR] Failed to load resource: the server responded with a status of 500 (Internal Server Error) @ http://localhost:8000/v1/projects/72173057-d025-4e62-ad50-9b5f73c8cc80/workspace/brd/health:0
[  243291ms] [ERROR] Warning: validateDOMNesting(...): %s cannot appear as a descendant of <%s>.%s <button> button 
    at button
    at CanvasRoleToggle (webpack-internal:///(app-pages-browser)/./components/workspace/brd/sections/ActorsSection.tsx:65:11)
    at span
    at button
    at div
    at ActorAccordionCard (webpack-internal:///(app-pages-browser)/./components/workspace/brd/sections/ActorsSection.tsx:130:11)
    at div
    at section
    at ActorsSection (webpack-internal:///(app-pages-browser)/./components/workspace/brd/sections/ActorsSection.tsx:432:11)
    at div
    at div
    at div
    at div
    at div
    at BRDCanvas (webpack-internal:///(app-pages-browser)/./components/workspace/brd/BRDCanvas.tsx:61:11)
    at div
    at div
    at main
    at div
    at div
    at AssistantProvider (webpack-internal:///(app-pages-browser)/./lib/assistant/context.tsx:140:11)
    at WorkspaceLayout (webpack-internal:///(app-pages-browser)/./components/workspace/WorkspaceLayout.tsx:74:11)
    at ProjectWorkspacePage (webpack-internal:///(app-pages-browser)/./app/projects/[projectId]/page.tsx:26:78)
    at StaticGenerationSearchParamsBailoutProvider (webpack-internal:///(app-pages-browser)/./node_modules/next/dist/client/components/static-generation-searchparams-bailout-provider.js:15:11)
    at InnerLayoutRouter (webpack-internal:///(app-pages-browser)/./node_modules/next/dist/client/components/layout-router.js:240:11)
    at RedirectErrorBoundary (webpack-internal:///(app-pages-browser)/./node_modules/next/dist/client/components/redirect-boundary.js:72:9)
    at RedirectBoundary (webpack-internal:///(app-pages-browser)/./node_modules/next/dist/client/components/redirect-boundary.js:80:11)
    at NotFoundBoundary (webpack-internal:///(app-pages-browser)/./node_modules/next/dist/client/components/not-found-boundary.js:62:11)
    at LoadingBoundary (webpack-internal:///(app-pages-browser)/./node_modules/next/dist/client/components/layout-router.js:315:11)
    at ErrorBoundary (webpack-internal:///(app-pages-browser)/./node_modules/next/dist/client/components/error-boundary.js:130:11)
    at InnerScrollAndFocusHandler (webpack-internal:///(app-pages-browser)/./node_modules/next/dist/client/components/layout-router.js:151:9)
    at ScrollAndFocusHandler (webpack-internal:///(app-pages-browser)/./node_modules/next/dist/client/components/layout-router.js:226:11)
    at RenderFromTemplateContext (webpack-internal:///(app-pages-browser)/./node_modules/next/dist/client/components/render-from-template-context.js:15:44)
    at OuterLayoutRouter (webpack-internal:///(app-pages-browser)/./node_modules/next/dist/client/components/layout-router.js:325:11)
    at InnerLayoutRouter (webpack-internal:///(app-pages-browser)/./node_modules/next/dist/client/components/layout-router.js:240:11)
    at RedirectErrorBoundary (webpack-internal:///(app-pages-browser)/./node_modules/next/dist/client/components/redirect-boundary.js:72:9)
    at RedirectBoundary (webpack-internal:///(app-pages-browser)/./node_modules/next/dist/client/components/redirect-boundary.js:80:11)
    at NotFoundBoundary (webpack-internal:///(app-pages-browser)/./node_modules/next/dist/client/components/not-found-boundary.js:62:11)
    at LoadingBoundary (webpack-internal:///(app-pages-browser)/./node_modules/next/dist/client/components/layout-router.js:315:11)
    at ErrorBoundary (webpack-internal:///(app-pages-browser)/./node_modules/next/dist/client/components/error-boundary.js:130:11)
    at InnerScrollAndFocusHandler (webpack-internal:///(app-pages-browser)/./node_modules/next/dist/client/components/layout-router.js:151:9)
    at ScrollAndFocusHandler (webpack-internal:///(app-pages-browser)/./node_modules/next/dist/client/components/layout-router.js:226:11)
    at RenderFromTemplateContext (webpack-internal:///(app-pages-browser)/./node_modules/next/dist/client/components/render-from-template-context.js:15:44)
    at OuterLayoutRouter (webpack-internal:///(app-pages-browser)/./node_modules/next/dist/client/components/layout-router.js:325:11)
    at InnerLayoutRouter (webpack-internal:///(app-pages-browser)/./node_modules/next/dist/client/components/layout-router.js:240:11)
    at RedirectErrorBoundary (webpack-internal:///(app-pages-browser)/./node_modules/next/dist/client/components/redirect-boundary.js:72:9)
    at RedirectBoundary (webpack-internal:///(app-pages-browser)/./node_modules/next/dist/client/components/redirect-boundary.js:80:11)
    at NotFoundErrorBoundary (webpack-internal:///(app-pages-browser)/./node_modules/next/dist/client/components/not-found-boundary.js:54:9)
    at NotFoundBoundary (webpack-internal:///(app-pages-browser)/./node_modules/next/dist/client/components/not-found-boundary.js:62:11)
    at LoadingBoundary (webpack-internal:///(app-pages-browser)/./node_modules/next/dist/client/components/layout-router.js:315:11)
    at ErrorBoundary (webpack-internal:///(app-pages-browser)/./node_modules/next/dist/client/components/error-boundary.js:130:11)
    at InnerScrollAndFocusHandler (webpack-internal:///(app-pages-browser)/./node_modules/next/dist/client/components/layout-router.js:151:9)
    at ScrollAndFocusHandler (webpack-internal:///(app-pages-browser)/./node_modules/next/dist/client/components/layout-router.js:226:11)
    at RenderFromTemplateContext (webpack-internal:///(app-pages-browser)/./node_modules/next/dist/client/components/render-from-template-context.js:15:44)
    at OuterLayoutRouter (webpack-internal:///(app-pages-browser)/./node_modules/next/dist/client/components/layout-router.js:325:11)
    at LayoutWrapper (webpack-internal:///(app-pages-browser)/./components/LayoutWrapper.tsx:14:11)
    at ToastProvider (webpack-internal:///(app-pages-browser)/./components/ui/Toast.tsx:37:11)
    at PostHogProvider (webpack-internal:///(app-pages-browser)/./components/PostHogProvider.tsx:21:11)
    at AuthProvider (webpack-internal:///(app-pages-browser)/./components/auth/AuthProvider.tsx:51:11)
    at body
    at html
    at RedirectErrorBoundary (webpack-internal:///(app-pages-browser)/./node_modules/next/dist/client/components/redirect-boundary.js:72:9)
    at RedirectBoundary (webpack-internal:///(app-pages-browser)/./node_modules/next/dist/client/components/redirect-boundary.js:80:11)
    at NotFoundErrorBoundary (webpack-internal:///(app-pages-browser)/./node_modules/next/dist/client/components/not-found-boundary.js:54:9)
    at NotFoundBoundary (webpack-internal:///(app-pages-browser)/./node_modules/next/dist/client/components/not-found-boundary.js:62:11)
    at DevRootNotFoundBoundary (webpack-internal:///(app-pages-browser)/./node_modules/next/dist/client/components/dev-root-not-found-boundary.js:32:11)
    at ReactDevOverlay (webpack-internal:///(app-pages-browser)/./node_modules/next/dist/client/components/react-dev-overlay/internal/ReactDevOverlay.js:66:9)
    at HotReload (webpack-internal:///(app-pages-browser)/./node_modules/next/dist/client/components/react-dev-overlay/hot-reloader-client.js:295:11)
    at Router (webpack-internal:///(app-pages-browser)/./node_modules/next/dist/client/components/app-router.js:159:11)
    at ErrorBoundaryHandler (webpack-internal:///(app-pages-browser)/./node_modules/next/dist/client/components/error-boundary.js:100:9)
    at ErrorBoundary (webpack-internal:///(app-pages-browser)/./node_modules/next/dist/client/components/error-boundary.js:130:11)
    at AppRouter (webpack-internal:///(app-pages-browser)/./node_modules/next/dist/client/components/app-router.js:436:13)
    at ServerRoot (webpack-internal:///(app-pages-browser)/./node_modules/next/dist/client/app-index.js:128:11)
    at RSCComponent
    at Root (webpack-internal:///(app-pages-browser)/./node_modules/next/dist/client/app-index.js:144:11) @ webpack-internal:///(app-pages-browser)/./node_modules/next/dist/client/app-index.js:33
[  244256ms] [ERROR] Failed to load resource: the server responded with a status of 422 (Unprocessable Entity) @ http://localhost:8000/v1/projects/72173057-d025-4e62-ad50-9b5f73c8cc80/workspace/outcomes/coverage:0
[  245848ms] [ERROR] Failed to load resource: the server responded with a status of 422 (Unprocessable Entity) @ http://localhost:8000/v1/projects/72173057-d025-4e62-ad50-9b5f73c8cc80/workspace/outcomes/coverage:0
[ 2242489ms] [LOG] [Fast Refresh] rebuilding @ webpack-internal:///(app-pages-browser)/./node_modules/next/dist/client/components/react-dev-overlay/hot-reloader-client.js:161
[ 2256993ms] [LOG] [Fast Refresh] rebuilding @ webpack-internal:///(app-pages-browser)/./node_modules/next/dist/client/components/react-dev-overlay/hot-reloader-client.js:161
[ 2271254ms] [LOG] [Fast Refresh] rebuilding @ webpack-internal:///(app-pages-browser)/./node_modules/next/dist/client/components/react-dev-overlay/hot-reloader-client.js:161
[ 2271402ms] [ERROR] ./components/workspace/brd/sections/ActorsSection.tsx
Error: 
  x Unexpected token `div`. Expected jsx identifier
     ,-[/Users/matt/aios-req-engine/apps/workbench/components/workspace/brd/sections/ActorsSection.tsx:119:1]
 119 |   const isPrimary = actor.canvas_role === 'primary'
 120 | 
 121 |   return (
 122 |     <div className={`bg-white rounded-2xl shadow-md border overflow-hidden ${isPrimary ? 'border-l-[3px] border-l-brand-primary border-t border-r border-b border-border' : 'border-border'}`}>
     :      ^^^
 123 |       {/* Header row */}
 124 |       <div
 125 |         role="button"
     `----

Caused by:
    Syntax Error

Import trace for requested module:
./components/workspace/brd/sections/ActorsSection.tsx
./components/workspace/brd/BRDCanvas.tsx
./components/workspace/WorkspaceLayout.tsx
./components/workspace/index.ts
./app/projects/[projectId]/page.tsx @ webpack-internal:///(app-pages-browser)/./node_modules/next/dist/client/app-index.js:33
[ 2271538ms] [ERROR] ./components/workspace/brd/sections/ActorsSection.tsx
Error: 
  x Unexpected token `div`. Expected jsx identifier
     ,-[/Users/matt/aios-req-engine/apps/workbench/components/workspace/brd/sections/ActorsSection.tsx:119:1]
 119 |   const isPrimary = actor.canvas_role === 'primary'
 120 | 
 121 |   return (
 122 |     <div className={`bg-white rounded-2xl shadow-md border overflow-hidden ${isPrimary ? 'border-l-[3px] border-l-brand-primary border-t border-r border-b border-border' : 'border-border'}`}>
     :      ^^^
 123 |       {/* Header row */}
 124 |       <div
 125 |         role="button"
     `----

Caused by:
    Syntax Error

Import trace for requested module:
./components/workspace/brd/sections/ActorsSection.tsx
./components/workspace/brd/BRDCanvas.tsx
./components/workspace/WorkspaceLayout.tsx
./components/workspace/index.ts
./app/projects/[projectId]/page.tsx @ webpack-internal:///(app-pages-browser)/./node_modules/next/dist/client/app-index.js:33
[ 2284148ms] [ERROR] ./components/workspace/brd/sections/ActorsSection.tsx
Error: 
  x Unexpected token `div`. Expected jsx identifier
     ,-[/Users/matt/aios-req-engine/apps/workbench/components/workspace/brd/sections/ActorsSection.tsx:119:1]
 119 |   const isPrimary = actor.canvas_role === 'primary'
 120 | 
 121 |   return (
 122 |     <div className={`bg-white rounded-2xl shadow-md border overflow-hidden ${isPrimary ? 'border-l-[3px] border-l-brand-primary border-t border-r border-b border-border' : 'border-border'}`}>
     :      ^^^
 123 |       {/* Header row */}
 124 |       <div
 125 |         role="button"
     `----

Caused by:
    Syntax Error

Import trace for requested module:
./components/workspace/brd/sections/ActorsSection.tsx
./components/workspace/brd/BRDCanvas.tsx
./components/workspace/WorkspaceLayout.tsx
./components/workspace/index.ts
./app/projects/[projectId]/page.tsx @ webpack-internal:///(app-pages-browser)/./node_modules/next/dist/client/app-index.js:33
