[     258ms] [INFO] %cDownload the React DevTools for a better development experience: https://reactjs.org/link/react-devtools font-weight:bold @ webpack-internal:///(app-pages-browser)/./node_modules/next/dist/compiled/react-dom/cjs/react-dom.development.js:38340
[     388ms] [ERROR] Failed to load resource: net::ERR_CONNECTION_REFUSED @ http://localhost:8000/v1/projects/72173057-d025-4e62-ad50-9b5f73c8cc80/workspace:0
[     393ms] [ERROR] Failed to load resource: net::ERR_CONNECTION_REFUSED @ http://localhost:8000/v1/projects/72173057-d025-4e62-ad50-9b5f73c8cc80/workspace/brd?include_evidence=true:0
[     395ms] [ERROR] Failed to load resource: net::ERR_CONNECTION_REFUSED @ http://localhost:8000/v1/projects/72173057-d025-4e62-ad50-9b5f73c8cc80/workspace/actions?max_actions=5&version=v3:0
[     397ms] [ERROR] Failed to load resource: net::ERR_CONNECTION_REFUSED @ http://localhost:8000/v1/projects/72173057-d025-4e62-ad50-9b5f73c8cc80/workspace/intelligence:0
[     398ms] [ERROR] Failed to load resource: net::ERR_CONNECTION_REFUSED @ http://localhost:8000/v1/collaboration/projects/72173057-d025-4e62-ad50-9b5f73c8cc80/pulse:0
[     398ms] [ERROR] Failed to load resource: net::ERR_CONNECTION_REFUSED @ http://localhost:8000/v1/organizations/profile/me:0
[     398ms] [ERROR] Failed to load resource: net::ERR_CONNECTION_REFUSED @ http://localhost:8000/v1/projects/72173057-d025-4e62-ad50-9b5f73c8cc80:0
[     398ms] [ERROR] Failed to load resource: net::ERR_CONNECTION_REFUSED @ http://localhost:8000/v1/prototypes/by-project/72173057-d025-4e62-ad50-9b5f73c8cc80:0
[     398ms] [ERROR] Failed to load resource: net::ERR_CONNECTION_REFUSED @ http://localhost:8000/v1/projects/72173057-d025-4e62-ad50-9b5f73c8cc80:0
[     403ms] [ERROR] Failed to load resource: net::ERR_CONNECTION_REFUSED @ http://localhost:8000/v1/projects/72173057-d025-4e62-ad50-9b5f73c8cc80/workspace/briefing?max_actions=5&force_refresh=false:0
[    5394ms] [ERROR] Failed to load resource: net::ERR_CONNECTION_REFUSED @ http://localhost:8000/v1/projects/72173057-d025-4e62-ad50-9b5f73c8cc80/workspace:0
[    5404ms] [ERROR] Failed to load resource: net::ERR_CONNECTION_REFUSED @ http://localhost:8000/v1/projects/72173057-d025-4e62-ad50-9b5f73c8cc80/workspace/briefing?max_actions=5&force_refresh=false:0
[    5409ms] [ERROR] Failed to load resource: net::ERR_CONNECTION_REFUSED @ http://localhost:8000/v1/projects/72173057-d025-4e62-ad50-9b5f73c8cc80/workspace/intelligence:0
[    5410ms] [ERROR] Failed to load resource: net::ERR_CONNECTION_REFUSED @ http://localhost:8000/v1/collaboration/projects/72173057-d025-4e62-ad50-9b5f73c8cc80/pulse:0
[    5410ms] [ERROR] Failed to load resource: net::ERR_CONNECTION_REFUSED @ http://localhost:8000/v1/organizations/profile/me:0
[   10402ms] [ERROR] Failed to load resource: net::ERR_CONNECTION_REFUSED @ http://localhost:8000/v1/projects/72173057-d025-4e62-ad50-9b5f73c8cc80/workspace/brd?include_evidence=true:0
[   10411ms] [ERROR] Failed to load resource: net::ERR_CONNECTION_REFUSED @ http://localhost:8000/v1/projects/72173057-d025-4e62-ad50-9b5f73c8cc80/workspace/actions?max_actions=5&version=v3:0
[   10415ms] [ERROR] Failed to load resource: net::ERR_CONNECTION_REFUSED @ http://localhost:8000/v1/projects/72173057-d025-4e62-ad50-9b5f73c8cc80/workspace/briefing?max_actions=5&force_refresh=false:0
[   15409ms] [ERROR] Failed to load resource: net::ERR_CONNECTION_REFUSED @ http://localhost:8000/v1/projects/72173057-d025-4e62-ad50-9b5f73c8cc80/workspace/briefing?max_actions=5&force_refresh=false:0
[   25401ms] [ERROR] Failed to load resource: net::ERR_CONNECTION_REFUSED @ http://localhost:8000/v1/projects/72173057-d025-4e62-ad50-9b5f73c8cc80/workspace:0
[   25415ms] [ERROR] Failed to load resource: net::ERR_CONNECTION_REFUSED @ http://localhost:8000/v1/projects/72173057-d025-4e62-ad50-9b5f73c8cc80/workspace/briefing?max_actions=5&force_refresh=false:0
[   25425ms] [ERROR] Failed to load resource: net::ERR_CONNECTION_REFUSED @ http://localhost:8000/v1/projects/72173057-d025-4e62-ad50-9b5f73c8cc80/workspace/brd?include_evidence=true:0
[   25427ms] [ERROR] Failed to load resource: net::ERR_CONNECTION_REFUSED @ http://localhost:8000/v1/projects/72173057-d025-4e62-ad50-9b5f73c8cc80/workspace/briefing?max_actions=5&force_refresh=false:0
[   25428ms] [ERROR] Failed to load resource: net::ERR_CONNECTION_REFUSED @ http://localhost:8000/v1/collaboration/projects/72173057-d025-4e62-ad50-9b5f73c8cc80/pulse:0
[   25428ms] [ERROR] Failed to load resource: net::ERR_CONNECTION_REFUSED @ http://localhost:8000/v1/projects/72173057-d025-4e62-ad50-9b5f73c8cc80/workspace/actions?max_actions=5&version=v3:0
[   30418ms] [ERROR] Failed to load resource: net::ERR_CONNECTION_REFUSED @ http://localhost:8000/v1/projects/72173057-d025-4e62-ad50-9b5f73c8cc80/workspace/intelligence:0
[   30423ms] [ERROR] Failed to load resource: net::ERR_CONNECTION_REFUSED @ http://localhost:8000/v1/organizations/profile/me:0
[   35420ms] [ERROR] Failed to load resource: net::ERR_CONNECTION_REFUSED @ http://localhost:8000/v1/projects/72173057-d025-4e62-ad50-9b5f73c8cc80/workspace/briefing?max_actions=5&force_refresh=false:0
[   45425ms] [ERROR] Failed to load resource: net::ERR_CONNECTION_REFUSED @ http://localhost:8000/v1/projects/72173057-d025-4e62-ad50-9b5f73c8cc80/workspace/briefing?max_actions=5&force_refresh=false:0
[   55430ms] [ERROR] Failed to load resource: net::ERR_CONNECTION_REFUSED @ http://localhost:8000/v1/projects/72173057-d025-4e62-ad50-9b5f73c8cc80/workspace/brd?include_evidence=true:0
